make all --print-data-base --no-builtin-variables --no-builtin-rules --question
make: *** No rule to make target 'all'.  Stop.
 
# GNU Make 4.3
# Built for x86_64-redhat-linux-gnu
# Copyright (C) 1988-2020 Free Software Foundation, Inc.
# License GPLv3+: GNU GPL version 3 or later <http://gnu.org/licenses/gpl.html>
# This is free software: you are free to change and redistribute it.
# There is NO WARRANTY, to the extent permitted by law.

# Make data base, printed on Thu Jan 13 12:45:22 2022

# Variables

# environment
GDK_BACKEND = x11
# environment
LC_ALL = C
# environment
NO_AT_BRIDGE = 1
# environment
GTK_RC_FILES = /etc/gtk/gtkrc:/home/san/.gtkrc:/home/san/.config/gtkrc
# environment
LMOD_SETTARG_FULL_SUPPORT = no
# environment
MYTHICDATA = /home/san/Projekte/mythicwind/data
# environment
VSCODE_IPC_HOOK_EXTHOST = /run/user/1000/vscode-ipc-8cd2ecdd-376a-47ce-bb2a-e9cdffe81204.sock
# environment
VSCODE_CWD = /home/san
# default
MAKE_COMMAND := make
# environment
LMOD_ROOT = /usr/share/lmod
# automatic
@D = $(patsubst %/,%,$(dir $@))
# environment
PYTHONSTARTUP = /home/san/.dotfiles/python_startup.py
# environment
VSCODE_HANDLES_UNCAUGHT_ERRORS = true
# default
.VARIABLES := 
# environment
PWD = /home/san/Projects/motion-sensor-box
# automatic
%D = $(patsubst %/,%,$(dir $%))
# environment
HOSTNAME = san-e14
# environment
LSCOLORS = Gxfxcxdxbxegedabagacad
# environment
MAIL = /var/spool/mail/san
# environment
XDG_DATA_DIRS = /home/san/.local/share/flatpak/exports/share:/var/lib/flatpak/exports/share:/usr/local/share:/usr/share
# environment
OLDPWD = /home/san
# automatic
^D = $(patsubst %/,%,$(dir $^))
# environment
VSCODE_LOG_STACK = false
# automatic
%F = $(notdir $%)
# environment
VSCODE_CODE_CACHE_PATH = /home/san/.config/Code/CachedData/899d46d82c4c95423fb7e10e68eba52050e30ba3
# environment
XDG_SESSION_PATH = /org/freedesktop/DisplayManager/Session1
# environment
SSH_ASKPASS = /usr/bin/ksshaskpass
# environment
LANG = C
# environment
XAUTHORITY = /run/user/1000/xauth_kLEJDJ
# default
.LOADED := 
# default
.INCLUDE_DIRS = /usr/include /usr/local/include /usr/include
# environment
LMOD_CMD = /usr/share/lmod/lmod/libexec/lmod
# makefile
MAKEFLAGS = pqrR
# makefile
CURDIR := /home/san/Projects/motion-sensor-box
# environment
VSCODE_PIPE_LOGGING = true
# environment
APPLICATION_INSIGHTS_NO_DIAGNOSTIC_CHANNEL = true
# environment
LMOD_DIR = /usr/share/lmod/lmod/libexec
# environment
LESSOPEN = ||/usr/bin/lesspipe.sh %s
# environment
ZSH_TMUX_TERM = screen
# automatic
*D = $(patsubst %/,%,$(dir $*))
# environment
PAM_KWALLET5_LOGIN = /run/user/1000/kwallet5.socket
# environment
MFLAGS = -pqrR
# environment
SSH_AUTH_SOCK = /tmp/ssh-XXXXXXf2R52Y/agent.3798
# default
.SHELLFLAGS := -c
# environment
_ZSH_TMUX_FIXED_CONFIG = /home/san/.oh-my-zsh/plugins/tmux/tmux.extra.conf
# environment
HISTSIZE = 50000
# environment
XDG_CONFIG_DIRS = /home/san/.config/kdedefaults:/etc/xdg:/usr/share/kde-settings/kde-profile/default/xdg
# automatic
+D = $(patsubst %/,%,$(dir $+))
# environment
XCURSOR_THEME = breeze_cursors
# environment
XDG_SESSION_DESKTOP = KDE
# environment
VSCODE_CRASH_REPORTER_START_OPTIONS = {"companyName":"Microsoft","productName":"VSCode","submitURL":"appcenter://code?aid=fba07a4d-84bd-4fc8-a125-9640fc8ce171&uid=68e292e0-f7ea-4a63-9295-ce4a49a4a32b&iid=68e292e0-f7ea-4a63-9295-ce4a49a4a32b&sid=68e292e0-f7ea-4a63-9295-ce4a49a4a32b","uploadToServer":true}
# makefile
MAKEFILE_LIST := 
# automatic
@F = $(notdir $@)
# environment
ZSH = /home/san/.oh-my-zsh
# environment
VSCODE_VERBOSE_LOGGING = true
# environment
VSCODE_PID = 35450
# environment
XDG_SESSION_TYPE = x11
# automatic
?D = $(patsubst %/,%,$(dir $?))
# environment
GDK_CORE_DEVICE_EVENTS = 1
# environment
SESSION_MANAGER = local/unix:@/tmp/.ICE-unix/3916,unix/unix:/tmp/.ICE-unix/3916
# automatic
*F = $(notdir $*)
# environment
MANPATH = /usr/share/lmod/lmod/share/man:
# environment
MODULEPATH = /etc/modulefiles:/usr/share/modulefiles:/usr/share/modulefiles/Linux:/usr/share/modulefiles/Core:/usr/share/lmod/lmod/modulefiles/Core
# environment
CHROME_DESKTOP = code-url-handler.desktop
# environment
DBUS_SESSION_BUS_ADDRESS = unix:path=/run/user/1000/bus
# automatic
<D = $(patsubst %/,%,$(dir $<))
# environment
VSCODE_NLS_CONFIG = {"locale":"en-gb","availableLanguages":{},"_languagePackSupport":true}
# environment
BREAKPAD_DUMP_LOCATION = /home/san/.config/Code/exthost Crash Reports
# default
MAKE_HOST := x86_64-redhat-linux-gnu
# makefile
SHELL = /bin/sh
# default
MAKECMDGOALS := all
# environment
LD_LIBRARY_PATH = /usr/lib64/openmpi/lib/:
# environment
SHLVL = 0
# environment
MAKELEVEL := 0
# environment
ZSH_TMUX_CONFIG = /home/san/.tmux.conf
# default
MAKE = $(MAKE_COMMAND)
# environment
PATH = /home/san/.bin:/usr/lib64/openmpi/bin/:/home/san/Projekte/mythicwind/src/scripts:/home/san/Projekte/mythicwind/src/utils:/usr/lib64/openmpi/bin:/home/san/bin:/home/san/.bin:/home/san/.local/bin:/usr/local/bin:/usr/lib64/ccache:/usr/local/bin:/usr/bin:/bin:/home/san/bin:/usr/local/sbin:/usr/sbin:/home/san/bin:/home/san/.bin:/home/san/.cargo/bin
# environment
MOZ_GMP_PATH = /usr/lib64/mozilla/plugins/gmp-gmpopenh264/system-installed
# default
MAKEFILES := 
# environment
MODULESHOME = /usr/share/lmod/lmod
# automatic
^F = $(notdir $^)
# environment
LMOD_sys = Linux
# environment
INVOCATION_ID = 58dc0bb312e0483cb39b406b1f135178
# environment
VSCODE_LOG_NATIVE = false
# automatic
?F = $(notdir $?)
# environment
KDE_APPLICATIONS_AS_SCOPE = 1
# environment
XDG_SEAT = seat0
# environment
XDG_CURRENT_DESKTOP = KDE
# environment
KDEDIRS = /usr
# environment
LS_COLORS = 
# automatic
+F = $(notdir $+)
# environment
XDG_SEAT_PATH = /org/freedesktop/DisplayManager/Seat0
# environment
LESS = -R
# environment
DESKTOP_SESSION = /usr/share/xsessions/plasmax11
# environment
ORIGINAL_XDG_CURRENT_DESKTOP = KDE
# 'override' directive
GNUMAKEFLAGS := 
# environment
MYTHICWIND = /home/san/Projekte/mythicwind
# environment
LOGNAME = san
# environment
TERMINAL = alacritty
# environment
BASH_ENV = /usr/share/lmod/lmod/init/bash
# environment
XDG_VTNR = 2
# makefile
.DEFAULT_GOAL := 
# environment
SYSTEMD_EXEC_PID = 4018
# environment
MODULEPATH_ROOT = /usr/share/modulefiles
# environment
HISTCONTROL = ignoredups
# environment
EDITOR = nvim
# environment
DISPLAY = :0
# environment
USER = san
# default
MAKE_VERSION := 4.3
# environment
KDE_SESSION_UID = 1000
# environment
MANAGERPID = 3779
# environment
which_declare = typeset -f
# environment
SSH_AGENT_PID = 3875
# environment
PAGER = less
# environment
_ = /usr/bin/make
# environment
XDG_RUNTIME_DIR = /run/user/1000
# environment
JOURNAL_STREAM = 8:38229
# environment
XDG_SESSION_CLASS = user
# environment
VSCODE_AMD_ENTRYPOINT = vs/workbench/services/extensions/node/extensionHostProcess
# environment
GTK2_RC_FILES = /etc/gtk-2.0/gtkrc:/home/san/.gtkrc-2.0:/home/san/.gtkrc-2.0-kde4:/home/san/.config/gtkrc-2.0
# environment
HOME = /home/san
# environment
ELECTRON_RUN_AS_NODE = 1
# environment
VSCODE_IPC_HOOK = /run/user/1000/vscode-07d55eda-1.63.2-main.sock
# environment
XDG_SESSION_ID = 2
# environment
XCURSOR_SIZE = 24
# default
.RECIPEPREFIX := 
# automatic
<F = $(notdir $<)
# environment
JUPYTERLAB_DIR = /home/san/.local/share/jupyter/lab
# default
SUFFIXES := 
# environment
QT_AUTO_SCREEN_SCALE_FACTOR = 0
# environment
LMOD_PKG = /usr/share/lmod/lmod
# environment
KDE_SESSION_VERSION = 5
# default
.FEATURES := target-specific order-only second-expansion else-if shortest-stem undefine oneshell nocomment grouped-target extra-prereqs archives jobserver output-sync check-symlink guile load
# environment
 
KDE_FULL_SESSION = true
# environment
XDG_MENU_PREFIX = kf5-
# environment
LMOD_VERSION = 8.4.23
# variable set hash-table stats:
# Load=136/1024=13%, Rehash=0, Collisions=11/163=7%

# Pattern-specific Variable Values

# No pattern-specific variable values.

# Directories

# . (device 64769, inode 55984155): 15 files, no impossibilities.

# 15 files, no impossibilities in 1 directories.

# Implicit Rules

# No implicit rules.

# Files

# Not a target:
Makefile:
#  Implicit rule search has been done.
#  File does not exist.
#  File has been updated.
#  Failed to be updated.

# Not a target:
.DEFAULT:
#  Implicit rule search has not been done.
#  Modification time never checked.
#  File has not been updated.

# Not a target:
all:
#  Command line target.
#  Implicit rule search has been done.
#  File does not exist.
#  File has not been updated.

# Not a target:
makefile:
#  Implicit rule search has been done.
#  File does not exist.
#  File has been updated.
#  Failed to be updated.

# Not a target:
GNUmakefile:
#  Implicit rule search has been done.
#  File does not exist.
#  File has been updated.
#  Failed to be updated.

# files hash-table stats:
# Load=6/1024=1%, Rehash=0, Collisions=0/15=0%
# VPATH Search Paths

# No 'vpath' search paths.

# No general ('VPATH' variable) search path.

# strcache buffers: 1 (0) / strings = 23 / storage = 203 B / avg = 8 B
# current buf: size = 8162 B / used = 203 B / count = 23 / avg = 8 B

# strcache performance: lookups = 26 / hit rate = 11%
# hash-table stats:
# Load=23/8192=0%, Rehash=0, Collisions=0/26=0%
# Finished Make data base on Thu Jan 13 12:45:22 2022

 
